<?xml version="1.0" encoding="UTF-8"?>
<!-- Generated by org.testng.reporters.JUnitXMLReporter -->
<testsuite hostname="KINI" failures="0" tests="4" name="Test" time="62.932" errors="0" timestamp="5 Feb 2022 07:27:07 GMT">
  <testcase classname="com.hrms.testscripts.TC001" name="tc001" time="17.128"/>
  <testcase classname="com.hrms.testscripts.TC002" name="tc003" time="18.14"/>
  <testcase classname="com.hrms.testscripts.TC003" name="tc003" time="16.024"/>
  <testcase classname="com.hrms.testscripts.TC004" name="tc004" time="11.613"/>
</testsuite> <!-- Test -->
